Drill report for LabPowerSupply.kicad_pcb
Created on 10/24/2022 2:53:35 PM

Copper Layer Stackup:
    =============================================================
    L1 :  Fsig.Cu                   front
    L2 :  pwr.Cu                    in1
    L3 :  gnd.Cu                    in2
    L4 :  Bsig.Cu                   back


Drill file 'LabPowerSupply-PTH.drl' contains
    plated through holes:
    =============================================================
    T1  0.400mm  0.0157"  (94 holes)
    T2  0.600mm  0.0236"  (4 holes)  (with 4 slots)
    T3  0.800mm  0.0315"  (13 holes)
    T4  0.800mm  0.0315"  (4 holes)
    T5  1.000mm  0.0394"  (6 holes)
    T6  1.000mm  0.0394"  (54 holes)
    T7  1.200mm  0.0472"  (8 holes)
    T8  1.300mm  0.0512"  (8 holes)
    T9  1.320mm  0.0520"  (12 holes)
    T10  1.330mm  0.0524"  (10 holes)

    Total plated holes count 213


Drill file 'LabPowerSupply-NPTH.drl' contains
    unplated through holes:
    =============================================================
    T1  0.600mm  0.0236"  (2 holes)
    T2  4.300mm  0.1693"  (6 holes)

    Total unplated holes count 8
